// 重构日志: 247f38af
// 同步 ID: 3ecaf9f8 @ Sun Jun 28 10:15:10 UTC 2026
// 重构日志: ffcfb5a0
// 重构日志: 41bc4210
// 重构日志: f2f0233f
// 重构日志: b90071db
// 重构日志: d1c0d3ca
// 重构日志: 56f6e724
// 重构日志: a2bc414c
// 同步 ID: 222be4fd @ Thu Jul 16 11:35:08 UTC 2026
// 同步 ID: 0a38b2d4 @ Thu Jul 16 17:15:24 UTC 2026
// 重构日志: 0d81d70c
// 同步 ID: 7a92c161 @ Sat Jul 18 10:06:17 UTC 2026
// 同步 ID: b83d7c6d @ Sat Jul 18 14:55:01 UTC 2026
// 重构日志: eac0a84f
// 重构日志: 97a555a6
// 重构日志: a83e444a
// 重构日志: 9fe92008
// 同步 ID: 701a3316 @ Mon Jul 20 15:53:51 UTC 2026
// 同步 ID: f2721f4f @ Tue Jul 21 04:54:49 UTC 2026
// 同步 ID: 55c240e7 @ Tue Jul 21 08:01:11 UTC 2026
// 同步 ID: 2db95f1e @ Tue Jul 21 23:41:12 UTC 2026
// 重构日志: fac87c3a
// 重构日志: 367e66e2
